2025/04/04 21:47:33 Starting tests...
2025/04/04 21:47:33 Admin check failed: exit status 2
2025/04/04 22:14:59 Starting tests...
2025/04/04 22:14:59 Admin check passed.
2025/04/04 22:15:31 Starting tests...
2025/04/04 22:15:31 Admin check passed.
2025/04/04 22:15:31 Completed taskExists check
2025/04/04 22:15:31 Completed addTask check
2025/04/04 23:27:05 Starting tests...
2025/04/04 23:27:05 Completed taskExists check
2025/04/04 23:27:05 Error adding task: addTask failed. error: exit status 1 stderr: ERROR: Access is denied.
2025/04/04 23:27:05 Completed addTask check
2025/04/04 23:28:06 Starting tests...
2025/04/04 23:28:06 Admin check passed.
2025/04/04 23:28:06 Completed taskExists check
2025/04/04 23:28:06 Completed addTask check
2025/04/04 23:30:05 Starting tests...
2025/04/04 23:30:05 user is Admin
2025/04/04 23:30:14 Starting tests...
2025/04/04 23:30:14 user is Admin
2025/04/04 23:31:16 Starting tests...
2025/04/04 23:37:26 Starting tests...
2025/04/04 23:37:26 Completed taskExists check
2025/04/04 23:38:13 Starting tests...
2025/04/04 23:38:13 Error adding task: addTask failed. error: exit status 1 stderr: ERROR: Access is denied.
2025/04/04 23:38:13 Completed addTask check
2025/04/04 23:40:13 Starting tests...
2025/04/04 23:40:13 Admin check failed: exit status 2
2025/04/04 23:40:13 Completed taskExists check
2025/04/04 23:40:13 Error adding task: addTask failed. error: exit status 1 stderr: ERROR: Access is denied.
2025/04/04 23:40:13 Completed addTask check
2025/04/04 23:52:00 Starting tests...
2025/04/04 23:52:00 Error adding task: addTask failed. error: exit status 1 stderr: ERROR: Access is denied.
2025/04/04 23:52:00 Completed addTask check
2025/04/04 23:52:52 Starting tests...
2025/04/04 23:52:52 Error adding task: addTask failed. error: exit status 1 stderr: ERROR: Access is denied.
2025/04/04 23:52:52 Completed addTask check
2025/04/04 23:55:44 Starting tests...
2025/04/04 23:55:44 Error adding task: addTask failed. error: exit status 1 stderr: ERROR: Access is denied.
2025/04/04 23:55:44 Completed addTask check
